0 info it worked if it ends with ok
1 verbose cli [ 'c:\\Program Files\\nodejs\\node.exe',
1 verbose cli   'c:\\Program Files\\nodejs\\node_modules\\npm\\bin\\npm-cli.js',
1 verbose cli   'install',
1 verbose cli   '--save',
1 verbose cli   'n' ]
2 info using npm@1.4.23
3 info using node@v0.10.31
4 warn package.json @ No description
5 warn package.json @ No repository field.
6 warn package.json @ No README data
7 warn package.json http@0.0.0 http is also the name of a node core module.
8 warn package.json http@0.0.0 No description
9 warn package.json http@0.0.0 No repository field.
10 verbose readDependencies using package.json deps
11 verbose cache add [ 'n', null ]
12 verbose cache add name=undefined spec="n" args=["n",null]
13 verbose parsed url { protocol: null,
13 verbose parsed url   slashes: null,
13 verbose parsed url   auth: null,
13 verbose parsed url   host: null,
13 verbose parsed url   port: null,
13 verbose parsed url   hostname: null,
13 verbose parsed url   hash: null,
13 verbose parsed url   search: null,
13 verbose parsed url   query: null,
13 verbose parsed url   pathname: 'n',
13 verbose parsed url   path: 'n',
13 verbose parsed url   href: 'n' }
14 silly lockFile d1854cae-n n
15 verbose lock n C:\Users\Michael\AppData\Roaming\npm-cache\d1854cae-n.lock
16 silly lockFile d1854cae-n n
17 silly lockFile d1854cae-n n
18 verbose addNamed [ 'n', '' ]
19 verbose addNamed [ null, '*' ]
20 silly lockFile 6b58d7dc-n n@
21 verbose lock n@ C:\Users\Michael\AppData\Roaming\npm-cache\6b58d7dc-n.lock
22 silly addNameRange { name: 'n', range: '*', hasData: false }
23 verbose request where is /n
24 verbose request registry https://registry.npmjs.org/
25 verbose request id fa21d18f9f6b42ec
26 verbose url raw /n
27 verbose url resolving [ 'https://registry.npmjs.org/', './n' ]
28 verbose url resolved https://registry.npmjs.org/n
29 verbose request where is https://registry.npmjs.org/n
30 info trying registry request attempt 1 at 13:33:42
31 http GET https://registry.npmjs.org/n
32 http 200 https://registry.npmjs.org/n
33 silly registry.get cb [ 200,
33 silly registry.get   { date: 'Sun, 16 Nov 2014 18:33:37 GMT',
33 silly registry.get     server: 'CouchDB/1.5.0 (Erlang OTP/R16B03)',
33 silly registry.get     etag: '"5E3ZCIQU6SNYXLBKQ603Z7QCQ"',
33 silly registry.get     'content-type': 'application/json',
33 silly registry.get     'cache-control': 'max-age=60',
33 silly registry.get     'content-length': '36647',
33 silly registry.get     'accept-ranges': 'bytes',
33 silly registry.get     via: '1.1 varnish',
33 silly registry.get     age: '0',
33 silly registry.get     'x-served-by': 'cache-jfk1026-JFK',
33 silly registry.get     'x-cache': 'MISS',
33 silly registry.get     'x-cache-hits': '0',
33 silly registry.get     'x-timer': 'S1416162816.968339,VS0,VE83',
33 silly registry.get     vary: 'Accept',
33 silly registry.get     'keep-alive': 'timeout=10, max=50',
33 silly registry.get     connection: 'Keep-Alive' } ]
34 silly addNameRange number 2 { name: 'n', range: '*', hasData: true }
35 silly addNameRange versions [ 'n',
35 silly addNameRange   [ '0.0.1',
35 silly addNameRange     '0.0.2',
35 silly addNameRange     '0.0.3',
35 silly addNameRange     '0.0.4',
35 silly addNameRange     '0.1.0',
35 silly addNameRange     '0.1.1',
35 silly addNameRange     '0.1.2',
35 silly addNameRange     '0.2.0',
35 silly addNameRange     '0.2.1',
35 silly addNameRange     '0.2.2',
35 silly addNameRange     '0.3.0',
35 silly addNameRange     '0.4.0',
35 silly addNameRange     '0.4.1',
35 silly addNameRange     '0.4.2',
35 silly addNameRange     '0.5.0',
35 silly addNameRange     '0.5.1',
35 silly addNameRange     '0.5.2',
35 silly addNameRange     '0.5.3',
35 silly addNameRange     '0.5.4',
35 silly addNameRange     '0.6.0',
35 silly addNameRange     '0.6.1',
35 silly addNameRange     '0.7.0',
35 silly addNameRange     '0.7.1',
35 silly addNameRange     '0.7.2',
35 silly addNameRange     '0.7.3',
35 silly addNameRange     '0.8.0',
35 silly addNameRange     '0.8.1',
35 silly addNameRange     '0.8.2',
35 silly addNameRange     '0.9.0',
35 silly addNameRange     '0.9.1',
35 silly addNameRange     '0.9.2',
35 silly addNameRange     '0.9.3',
35 silly addNameRange     '1.0.0',
35 silly addNameRange     '1.1.0',
35 silly addNameRange     '1.2.1',
35 silly addNameRange     '1.2.2',
35 silly addNameRange     '1.2.3',
35 silly addNameRange     '1.2.4',
35 silly addNameRange     '1.2.5',
35 silly addNameRange     '1.2.6',
35 silly addNameRange     '1.2.7',
35 silly addNameRange     '1.2.8',
35 silly addNameRange     '1.2.9' ] ]
36 verbose addNamed [ 'n', '1.2.9' ]
37 verbose addNamed [ '1.2.9', '1.2.9' ]
38 silly lockFile 7f22195c-n-1-2-9 n@1.2.9
39 verbose lock n@1.2.9 C:\Users\Michael\AppData\Roaming\npm-cache\7f22195c-n-1-2-9.lock
40 silly lockFile 473decd1-registry-npmjs-org-n-n-1-2-9-tgz https://registry.npmjs.org/n/-/n-1.2.9.tgz
41 verbose lock https://registry.npmjs.org/n/-/n-1.2.9.tgz C:\Users\Michael\AppData\Roaming\npm-cache\473decd1-registry-npmjs-org-n-n-1-2-9-tgz.lock
42 verbose addRemoteTarball [ 'https://registry.npmjs.org/n/-/n-1.2.9.tgz',
42 verbose addRemoteTarball   '962f4a31f218e0e03d4353e68311d4bbe38cf130' ]
43 info retry fetch attempt 1 at 13:33:42
44 verbose fetch to= C:\Users\Michael\AppData\Local\Temp\npm-8112-ksS6TU_T\registry.npmjs.org\n\-\n-1.2.9.tgz
45 http GET https://registry.npmjs.org/n/-/n-1.2.9.tgz
46 http 200 https://registry.npmjs.org/n/-/n-1.2.9.tgz
47 silly lockFile 473decd1-registry-npmjs-org-n-n-1-2-9-tgz https://registry.npmjs.org/n/-/n-1.2.9.tgz
48 silly lockFile 473decd1-registry-npmjs-org-n-n-1-2-9-tgz https://registry.npmjs.org/n/-/n-1.2.9.tgz
49 silly lockFile 7f22195c-n-1-2-9 n@1.2.9
50 silly lockFile 7f22195c-n-1-2-9 n@1.2.9
51 silly lockFile 6b58d7dc-n n@
52 silly lockFile 6b58d7dc-n n@
53 silly resolved [ { name: 'n',
53 silly resolved     description: 'node version manager',
53 silly resolved     version: '1.2.9',
53 silly resolved     author: { name: 'TJ Holowaychuk', email: 'tj@vision-media.ca' },
53 silly resolved     homepage: 'https://github.com/visionmedia/n',
53 silly resolved     bugs: { url: 'https://github.com/visionmedia/n/issues' },
53 silly resolved     keywords: [ 'node', 'binary', 'version', 'manager', 'switcher', 'env' ],
53 silly resolved     bin: { n: './bin/n' },
53 silly resolved     repository: { type: 'git', url: 'git://github.com/visionmedia/n.git' },
53 silly resolved     preferGlobal: true,
53 silly resolved     os: [ '!win32' ],
53 silly resolved     engines: { node: '*' },
53 silly resolved     license: 'MIT',
53 silly resolved     _id: 'n@1.2.9',
53 silly resolved     _shasum: '962f4a31f218e0e03d4353e68311d4bbe38cf130',
53 silly resolved     _from: 'n@',
53 silly resolved     _npmVersion: '1.4.9',
53 silly resolved     _npmUser: { name: 'tjwebb', email: 'me@traviswebb.com' },
53 silly resolved     maintainers: [ [Object], [Object], [Object] ],
53 silly resolved     dist:
53 silly resolved      { shasum: '962f4a31f218e0e03d4353e68311d4bbe38cf130',
53 silly resolved        tarball: 'http://registry.npmjs.org/n/-/n-1.2.9.tgz' },
53 silly resolved     directories: {},
53 silly resolved     _resolved: 'https://registry.npmjs.org/n/-/n-1.2.9.tgz' } ]
54 info install n@1.2.9 into c:\Users\Michael\Cloud\GitHub\h2ohshit-
55 info installOne n@1.2.9
56 error notsup Unsupported
56 error notsup Not compatible with your operating system or architecture: n@1.2.9
56 error notsup Valid OS:    !win32
56 error notsup Valid Arch:  any
56 error notsup Actual OS:   win32
56 error notsup Actual Arch: x64
57 error System Windows_NT 6.2.9200
58 error command "c:\\Program Files\\nodejs\\node.exe" "c:\\Program Files\\nodejs\\node_modules\\npm\\bin\\npm-cli.js" "install" "--save" "n"
59 error cwd c:\Users\Michael\Cloud\GitHub\h2ohshit-
60 error node -v v0.10.31
61 error npm -v 1.4.23
62 error code EBADPLATFORM
63 verbose exit [ 1, true ]
